<?xml version="1.0" encoding="UTF-8"?>
<!-- Generated by org.testng.reporters.JUnitReportReporter -->
<testsuite skipped="0" hostname="IBM-Testing01" name="listenerspackage.Alwaysrun" tests="5" failures="0" timestamp="04 Mar 2020 10:07:21 GMT" time="14.425" errors="0">
  <testcase name="startapp" time="9.169" classname="listenerspackage.Alwaysrun"/>
  <testcase name="loginapp" time="3.810" classname="listenerspackage.Alwaysrun"/>
  <testcase name="closebrowser" time="0.307" classname="listenerspackage.Alwaysrun"/>
  <testcase name="signoff" time="1.119" classname="listenerspackage.Alwaysrun"/>
  <testcase name="checktitle" time="0.020" classname="listenerspackage.Alwaysrun"/>
</testsuite> <!-- listenerspackage.Alwaysrun -->
