<?xml version="1.0" encoding="UTF-8"?>
<!-- Generated by org.testng.reporters.JUnitReportReporter -->
<testsuite skipped="0" hostname="IBM-Testing01" name="TestNGpackage.DependenciesDemo" tests="4" failures="0" timestamp="04 Mar 2020 11:12:15 GMT" time="12.827" errors="0">
  <testcase name="loginapp" time="2.515" classname="TestNGpackage.DependenciesDemo"/>
  <testcase name="signoff" time="1.395" classname="TestNGpackage.DependenciesDemo"/>
  <testcase name="startapp" time="8.902" classname="TestNGpackage.DependenciesDemo"/>
  <testcase name="checktitle" time="0.015" classname="TestNGpackage.DependenciesDemo"/>
</testsuite> <!-- TestNGpackage.DependenciesDemo -->
