<?xml version="1.0" encoding="UTF-8"?>
<!-- Generated by org.testng.reporters.JUnitReportReporter -->
<testsuite skipped="0" hostname="IBM-Testing01" name="TestNGpackage.DataProviderdemo" tests="2" failures="0" timestamp="04 Mar 2020 06:51:42 GMT" time="9.193" errors="0">
  <testcase name="f" time="5.538" classname="TestNGpackage.DataProviderdemo"/>
  <testcase name="f" time="3.655" classname="TestNGpackage.DataProviderdemo"/>
</testsuite> <!-- TestNGpackage.DataProviderdemo -->
