<?xml version="1.0" encoding="UTF-8"?>
<!-- Generated by org.testng.reporters.JUnitReportReporter -->
<testsuite skipped="0" hostname="IBM-Testing01" name="GroupsPackage.Groupsdemo" tests="3" failures="0" timestamp="04 Mar 2020 09:22:07 GMT" time="0.032" errors="0">
  <testcase name="test1" time="0.016" classname="GroupsPackage.Groupsdemo"/>
  <testcase name="test3" time="0.016" classname="GroupsPackage.Groupsdemo"/>
  <testcase name="test2" time="0.000" classname="GroupsPackage.Groupsdemo"/>
</testsuite> <!-- GroupsPackage.Groupsdemo -->
