<?xml version="1.0" encoding="UTF-8"?>
<!-- Generated by org.testng.reporters.JUnitReportReporter -->
<testsuite skipped="0" hostname="IBM-Testing01" name="GroupsPackage.Test2" tests="1" failures="0" timestamp="04 Mar 2020 09:22:07 GMT" time="0.000" errors="0">
  <testcase name="test4" time="0.000" classname="GroupsPackage.Test2"/>
</testsuite> <!-- GroupsPackage.Test2 -->
