<?xml version="1.0" encoding="UTF-8"?>
<!-- Generated by org.testng.reporters.JUnitReportReporter -->
<testsuite skipped="0" hostname="IBM-Testing01" name="listenerdemoSuiteLevel.verifyGoogletest" tests="2" failures="0" timestamp="04 Mar 2020 11:12:15 GMT" time="18.034" errors="0">
  <testcase name="checklogo" time="8.543" classname="listenerdemoSuiteLevel.verifyGoogletest"/>
  <testcase name="checkurl" time="9.491" classname="listenerdemoSuiteLevel.verifyGoogletest"/>
</testsuite> <!-- listenerdemoSuiteLevel.verifyGoogletest -->
