<?xml version="1.0" encoding="UTF-8"?>
<!-- Generated by org.testng.reporters.JUnitReportReporter -->
<testsuite skipped="0" hostname="IBM-Testing01" name="TestNGpackage.PriorityDemo" tests="3" failures="0" timestamp="04 Mar 2020 03:46:31 GMT" time="0.030" errors="0">
  <testcase name="startapp" time="0.030" classname="TestNGpackage.PriorityDemo"/>
  <testcase name="loginapp" time="0.000" classname="TestNGpackage.PriorityDemo"/>
  <testcase name="signoff" time="0.000" classname="TestNGpackage.PriorityDemo"/>
</testsuite> <!-- TestNGpackage.PriorityDemo -->
