<?xml version="1.0" encoding="UTF-8"?>
<!-- Generated by org.testng.reporters.JUnitReportReporter -->
<testsuite skipped="0" hostname="IBM-Testing01" name="TestNGpackage.demowebshopannotation" tests="4" failures="0" timestamp="04 Mar 2020 04:26:48 GMT" time="15.673" errors="0">
  <testcase name="startapp" time="10.626" classname="TestNGpackage.demowebshopannotation"/>
  <testcase name="checktitle" time="0.024" classname="TestNGpackage.demowebshopannotation"/>
  <testcase name="loginapp" time="3.717" classname="TestNGpackage.demowebshopannotation"/>
  <testcase name="signoff" time="1.306" classname="TestNGpackage.demowebshopannotation"/>
</testsuite> <!-- TestNGpackage.demowebshopannotation -->
