<?xml version="1.0" encoding="UTF-8"?>
<!-- Generated by org.testng.reporters.JUnitReportReporter -->
<testsuite skipped="0" hostname="IBM-Testing01" name="listenerdemoSuiteLevel.Alwaysrun" tests="5" failures="0" timestamp="04 Mar 2020 11:12:15 GMT" time="18.043" errors="0">
  <testcase name="loginapp" time="3.012" classname="listenerdemoSuiteLevel.Alwaysrun"/>
  <testcase name="closebrowser" time="4.187" classname="listenerdemoSuiteLevel.Alwaysrun"/>
  <testcase name="signoff" time="2.825" classname="listenerdemoSuiteLevel.Alwaysrun"/>
  <testcase name="startapp" time="8.008" classname="listenerdemoSuiteLevel.Alwaysrun"/>
  <testcase name="checktitle" time="0.011" classname="listenerdemoSuiteLevel.Alwaysrun"/>
</testsuite> <!-- listenerdemoSuiteLevel.Alwaysrun -->
