<?xml version="1.0" encoding="UTF-8"?>
<!-- Generated by org.testng.reporters.JUnitReportReporter -->
<testsuite skipped="0" hostname="IBM-Testing01" name="listenerspackage.verifyGoogletest" tests="2" failures="0" timestamp="04 Mar 2020 09:56:53 GMT" time="18.327" errors="0">
  <testcase name="checklogo" time="9.780" classname="listenerspackage.verifyGoogletest"/>
  <testcase name="checkurl" time="8.547" classname="listenerspackage.verifyGoogletest"/>
</testsuite> <!-- listenerspackage.verifyGoogletest -->
